execve("./client", ["./client", "Arsenii"], 0x7fff78f9ffd0 /* 56 vars */) = 0
brk(NULL)                               = 0x55aaf3aad000
arch_prctl(0x3001 /* ARCH_??? */, 0x7fffce3d36f0) = -1 EINVAL (Invalid argument)
mmap(NULL, 8192, PROT_READ|PROT_WRITE, MAP_PRIVATE|MAP_ANONYMOUS, -1, 0) = 0x7f57a48d6000
access("/etc/ld.so.preload", R_OK)      = -1 ENOENT (No such file or directory)
openat(AT_FDCWD, "/etc/ld.so.cache", O_RDONLY|O_CLOEXEC) = 3
newfstatat(3, "", {st_mode=S_IFREG|0644, st_size=81715, ...}, AT_EMPTY_PATH) = 0
mmap(NULL, 81715, PROT_READ, MAP_PRIVATE, 3, 0) = 0x7f57a48c2000
close(3)                                = 0
openat(AT_FDCWD, "/lib/x86_64-linux-gnu/libstdc++.so.6", O_RDONLY|O_CLOEXEC) = 3
read(3, "\177ELF\2\1\1\3\0\0\0\0\0\0\0\0\3\0>\0\1\0\0\0\0\0\0\0\0\0\0\0"..., 832) = 832
newfstatat(3, "", {st_mode=S_IFREG|0644, st_size=2260296, ...}, AT_EMPTY_PATH) = 0
mmap(NULL, 2275520, PROT_READ, MAP_PRIVATE|MAP_DENYWRITE, 3, 0) = 0x7f57a4600000
mprotect(0x7f57a469a000, 1576960, PROT_NONE) = 0
mmap(0x7f57a469a000, 1118208, PROT_READ|PROT_EXEC, MAP_PRIVATE|MAP_FIXED|MAP_DENYWRITE, 3, 0x9a000) = 0x7f57a469a000
mmap(0x7f57a47ab000, 454656, PROT_READ, MAP_PRIVATE|MAP_FIXED|MAP_DENYWRITE, 3, 0x1ab000) = 0x7f57a47ab000
mmap(0x7f57a481b000, 57344, PROT_READ|PROT_WRITE, MAP_PRIVATE|MAP_FIXED|MAP_DENYWRITE, 3, 0x21a000) = 0x7f57a481b000
mmap(0x7f57a4829000, 10432, PROT_READ|PROT_WRITE, MAP_PRIVATE|MAP_FIXED|MAP_ANONYMOUS, -1, 0) = 0x7f57a4829000
close(3)                                = 0
openat(AT_FDCWD, "/lib/x86_64-linux-gnu/libgcc_s.so.1", O_RDONLY|O_CLOEXEC) = 3
read(3, "\177ELF\2\1\1\0\0\0\0\0\0\0\0\0\3\0>\0\1\0\0\0\0\0\0\0\0\0\0\0"..., 832) = 832
newfstatat(3, "", {st_mode=S_IFREG|0644, st_size=125488, ...}, AT_EMPTY_PATH) = 0
mmap(NULL, 127720, PROT_READ, MAP_PRIVATE|MAP_DENYWRITE, 3, 0) = 0x7f57a48a2000
mmap(0x7f57a48a5000, 94208, PROT_READ|PROT_EXEC, MAP_PRIVATE|MAP_FIXED|MAP_DENYWRITE, 3, 0x3000) = 0x7f57a48a5000
mmap(0x7f57a48bc000, 16384, PROT_READ, MAP_PRIVATE|MAP_FIXED|MAP_DENYWRITE, 3, 0x1a000) = 0x7f57a48bc000
mmap(0x7f57a48c0000, 8192, PROT_READ|PROT_WRITE, MAP_PRIVATE|MAP_FIXED|MAP_DENYWRITE, 3, 0x1d000) = 0x7f57a48c0000
close(3)                                = 0
openat(AT_FDCWD, "/lib/x86_64-linux-gnu/libc.so.6", O_RDONLY|O_CLOEXEC) = 3
read(3, "\177ELF\2\1\1\3\0\0\0\0\0\0\0\0\3\0>\0\1\0\0\0P\237\2\0\0\0\0\0"..., 832) = 832
pread64(3, "\6\0\0\0\4\0\0\0@\0\0\0\0\0\0\0@\0\0\0\0\0\0\0@\0\0\0\0\0\0\0"..., 784, 64) = 784
pread64(3, "\4\0\0\0 \0\0\0\5\0\0\0GNU\0\2\0\0\300\4\0\0\0\3\0\0\0\0\0\0\0"..., 48, 848) = 48
pread64(3, "\4\0\0\0\24\0\0\0\3\0\0\0GNU\0 =\340\2563\265?\356\25x\261\27\313A#\350"..., 68, 896) = 68
newfstatat(3, "", {st_mode=S_IFREG|0755, st_size=2216304, ...}, AT_EMPTY_PATH) = 0
pread64(3, "\6\0\0\0\4\0\0\0@\0\0\0\0\0\0\0@\0\0\0\0\0\0\0@\0\0\0\0\0\0\0"..., 784, 64) = 784
mmap(NULL, 2260560, PROT_READ, MAP_PRIVATE|MAP_DENYWRITE, 3, 0) = 0x7f57a4200000
mmap(0x7f57a4228000, 1658880, PROT_READ|PROT_EXEC, MAP_PRIVATE|MAP_FIXED|MAP_DENYWRITE, 3, 0x28000) = 0x7f57a4228000
mmap(0x7f57a43bd000, 360448, PROT_READ, MAP_PRIVATE|MAP_FIXED|MAP_DENYWRITE, 3, 0x1bd000) = 0x7f57a43bd000
mmap(0x7f57a4415000, 24576, PROT_READ|PROT_WRITE, MAP_PRIVATE|MAP_FIXED|MAP_DENYWRITE, 3, 0x214000) = 0x7f57a4415000
mmap(0x7f57a441b000, 52816, PROT_READ|PROT_WRITE, MAP_PRIVATE|MAP_FIXED|MAP_ANONYMOUS, -1, 0) = 0x7f57a441b000
close(3)                                = 0
openat(AT_FDCWD, "/lib/x86_64-linux-gnu/libm.so.6", O_RDONLY|O_CLOEXEC) = 3
read(3, "\177ELF\2\1\1\3\0\0\0\0\0\0\0\0\3\0>\0\1\0\0\0\0\0\0\0\0\0\0\0"..., 832) = 832
newfstatat(3, "", {st_mode=S_IFREG|0644, st_size=940560, ...}, AT_EMPTY_PATH) = 0
mmap(NULL, 942344, PROT_READ, MAP_PRIVATE|MAP_DENYWRITE, 3, 0) = 0x7f57a4519000
mmap(0x7f57a4527000, 507904, PROT_READ|PROT_EXEC, MAP_PRIVATE|MAP_FIXED|MAP_DENYWRITE, 3, 0xe000) = 0x7f57a4527000
mmap(0x7f57a45a3000, 372736, PROT_READ, MAP_PRIVATE|MAP_FIXED|MAP_DENYWRITE, 3, 0x8a000) = 0x7f57a45a3000
mmap(0x7f57a45fe000, 8192, PROT_READ|PROT_WRITE, MAP_PRIVATE|MAP_FIXED|MAP_DENYWRITE, 3, 0xe4000) = 0x7f57a45fe000
close(3)                                = 0
mmap(NULL, 8192, PROT_READ|PROT_WRITE, MAP_PRIVATE|MAP_ANONYMOUS, -1, 0) = 0x7f57a48a0000
mmap(NULL, 12288, PROT_READ|PROT_WRITE, MAP_PRIVATE|MAP_ANONYMOUS, -1, 0) = 0x7f57a489d000
arch_prctl(ARCH_SET_FS, 0x7f57a489d740) = 0
set_tid_address(0x7f57a489da10)         = 52123
set_robust_list(0x7f57a489da20, 24)     = 0
rseq(0x7f57a489e0e0, 0x20, 0, 0x53053053) = 0
mprotect(0x7f57a4415000, 16384, PROT_READ) = 0
mprotect(0x7f57a45fe000, 4096, PROT_READ) = 0
mprotect(0x7f57a48c0000, 4096, PROT_READ) = 0
mprotect(0x7f57a481b000, 45056, PROT_READ) = 0
mprotect(0x55aaf1e31000, 4096, PROT_READ) = 0
mprotect(0x7f57a4910000, 8192, PROT_READ) = 0
prlimit64(0, RLIMIT_STACK, NULL, {rlim_cur=8192*1024, rlim_max=RLIM64_INFINITY}) = 0
munmap(0x7f57a48c2000, 81715)           = 0
getrandom("\xae\xb0\x77\x17\xe7\xde\x4b\xbb", 8, GRND_NONBLOCK) = 8
brk(NULL)                               = 0x55aaf3aad000
brk(0x55aaf3ace000)                     = 0x55aaf3ace000
futex(0x7f57a482977c, FUTEX_WAKE_PRIVATE, 2147483647) = 0
openat(AT_FDCWD, "/dev/shm/myserver_pid", O_RDWR|O_CREAT|O_NOFOLLOW|O_CLOEXEC, 0600) = 3
ftruncate(3, 4)                         = 0
mmap(NULL, 4, PROT_READ|PROT_WRITE, MAP_SHARED, 3, 0) = 0x7f57a490f000
munmap(0x7f57a490f000, 4)               = 0
close(3)                                = 0
getpid()                                = 52123
newfstatat(1, "", {st_mode=S_IFCHR|0620, st_rdev=makedev(0x88, 0x1), ...}, AT_EMPTY_PATH) = 0
write(1, "Conecting...\n", 13)          = 13
rt_sigaction(SIGRT_1, {sa_handler=0x7f57a4291870, sa_mask=[], sa_flags=SA_RESTORER|SA_ONSTACK|SA_RESTART|SA_SIGINFO, sa_restorer=0x7f57a4242520}, NULL, 8) = 0
rt_sigprocmask(SIG_UNBLOCK, [RTMIN RT_1], NULL, 8) = 0
mmap(NULL, 8392704, PROT_NONE, MAP_PRIVATE|MAP_ANONYMOUS|MAP_STACK, -1, 0) = 0x7f57a39ff000
mprotect(0x7f57a3a00000, 8388608, PROT_READ|PROT_WRITE) = 0
rt_sigprocmask(SIG_BLOCK, ~[], [], 8)   = 0
clone3({flags=CLONE_VM|CLONE_FS|CLONE_FILES|CLONE_SIGHAND|CLONE_THREAD|CLONE_SYSVSEM|CLONE_SETTLS|CLONE_PARENT_SETTID|CLONE_CHILD_CLEARTID, child_tid=0x7f57a41ff910, parent_tid=0x7f57a41ff910, exit_signal=0, stack=0x7f57a39ff000, stack_size=0x7fff00, tls=0x7f57a41ff640} => {parent_tid=[52124]}, 88) = 52124
rt_sigprocmask(SIG_SETMASK, [], NULL, 8) = 0
openat(AT_FDCWD, "/dev/shm/reader", O_RDWR|O_CREAT|O_NOFOLLOW|O_CLOEXEC, 0600) = 3
ftruncate(3, 368)                       = 0
mmap(NULL, 368, PROT_READ|PROT_WRITE, MAP_SHARED, 3, 0) = 0x7f57a490f000
munmap(0x7f57a490f000, 368)             = 0
close(3)                                = 0
kill(52060, SIGUSR1)                    = 0
clock_nanosleep(CLOCK_REALTIME, 0, {tv_sec=2, tv_nsec=0}, {tv_sec=1, tv_nsec=999724726}) = ? ERESTART_RESTARTBLOCK (Interrupted by signal)
--- SIGUSR1 {si_signo=SIGUSR1, si_code=SI_USER, si_pid=52060, si_uid=1000} ---
rt_sigreturn({mask=[]})                 = -1 EINTR (Interrupted system call)
write(1, "Server_pid: 52060\n", 18)     = 18
write(1, "Welcome in our chat, Arsenii!\n", 30) = 30
futex(0x7f57a441ba70, FUTEX_WAKE_PRIVATE, 1) = 1
write(1, "Server:OK: Successful created!He"..., 97) = 97
write(1, "--For reading messages write:\n", 30) = 30
write(1, "To:'other_username' 'you message"..., 37) = 37
write(1, "To:chat:'chat_name' 'you message"..., 37) = 37
write(1, "-- Or if you want to join or cre"..., 50) = 50
write(1, "Join:'chat_name'\n", 17)      = 17
write(1, "--Write 'q' to close terminal\n", 30) = 30
write(1, " > ", 3)                      = 3
newfstatat(0, "", {st_mode=S_IFCHR|0620, st_rdev=makedev(0x88, 0x1), ...}, AT_EMPTY_PATH) = 0
read(0, "\n", 1024)                     = 1
write(1, "\n", 1)                       = 1
write(1, " > ", 3)                      = 3
read(0, "To:Gg Hi!\n", 1024)            = 10
openat(AT_FDCWD, "/dev/shm/reader", O_RDWR|O_CREAT|O_NOFOLLOW|O_CLOEXEC, 0600) = 3
ftruncate(3, 368)                       = 0
mmap(NULL, 368, PROT_READ|PROT_WRITE, MAP_SHARED, 3, 0) = 0x7f57a490f000
munmap(0x7f57a490f000, 368)             = 0
close(3)                                = 0
kill(52060, SIGUSR1)                    = 0
clock_nanosleep(CLOCK_REALTIME, 0, {tv_sec=1, tv_nsec=0}, 0x7fffce3d3320) = 0
write(1, " > ", 3)                      = 3
read(0, 0x55aaf3abf3f0, 1024)           = ? ERESTARTSYS (To be restarted if SA_RESTART is set)
--- SIGUSR1 {si_signo=SIGUSR1, si_code=SI_USER, si_pid=52060, si_uid=1000} ---
rt_sigreturn({mask=[]})                 = 0
read(0, "\n", 1024)                     = 1
write(1, "Gg:Hello\n", 9)               = 9
write(1, " > ", 3)                      = 3
read(0, "Join:new_chat\n", 1024)        = 14
openat(AT_FDCWD, "/dev/shm/reader", O_RDWR|O_CREAT|O_NOFOLLOW|O_CLOEXEC, 0600) = 3
ftruncate(3, 368)                       = 0
mmap(NULL, 368, PROT_READ|PROT_WRITE, MAP_SHARED, 3, 0) = 0x7f57a490f000
munmap(0x7f57a490f000, 368)             = 0
close(3)                                = 0
kill(52060, SIGUSR1)                    = 0
clock_nanosleep(CLOCK_REALTIME, 0, {tv_sec=1, tv_nsec=0}, {tv_sec=0, tv_nsec=999779195}) = ? ERESTART_RESTARTBLOCK (Interrupted by signal)
--- SIGUSR1 {si_signo=SIGUSR1, si_code=SI_USER, si_pid=52060, si_uid=1000} ---
rt_sigreturn({mask=[]})                 = -1 EINTR (Interrupted system call)
futex(0x7f57a441ba70, FUTEX_WAIT_PRIVATE, 2, NULL) = -1 EAGAIN (Resource temporarily unavailable)
write(1, "Chat:new_chat:Arsenii Chat has b"..., 57) = 57
futex(0x7f57a441ba70, FUTEX_WAKE_PRIVATE, 1) = 0
read(0, "\n", 1024)                     = 1
write(1, "\n", 1)                       = 1
write(1, " > ", 3)                      = 3
read(0, "q\n", 1024)                    = 2
rt_sigaction(SIGRTMIN, {sa_handler=0x7f57a4292b30, sa_mask=[], sa_flags=SA_RESTORER|SA_RESTART|SA_SIGINFO, sa_restorer=0x7f57a4242520}, NULL, 8) = 0
rt_sigprocmask(SIG_BLOCK, ~[], [], 8)   = 0
getpid()                                = 52123
tgkill(52123, 52124, SIGRTMIN)          = 0
futex(0x7f57a41fffb4, FUTEX_WAKE_PRIVATE, 1) = 1
rt_sigprocmask(SIG_SETMASK, [], NULL, 8) = 0
openat(AT_FDCWD, "/dev/shm/reader", O_RDWR|O_CREAT|O_NOFOLLOW|O_CLOEXEC, 0600) = 3
ftruncate(3, 368)                       = 0
mmap(NULL, 368, PROT_READ|PROT_WRITE, MAP_SHARED, 3, 0) = 0x7f57a490f000
munmap(0x7f57a490f000, 368)             = 0
close(3)                                = 0
kill(52060, SIGUSR1)                    = 0
write(1, "Break;\n", 7)                 = 7
exit_group(0)                           = ?
+++ exited with 0 +++
