execve("./server", ["./server"], 0x7fff5a10a308 /* 56 vars */) = 0
brk(NULL)                               = 0x5628ba8b3000
arch_prctl(0x3001 /* ARCH_??? */, 0x7ffdee8f3440) = -1 EINVAL (Invalid argument)
mmap(NULL, 8192, PROT_READ|PROT_WRITE, MAP_PRIVATE|MAP_ANONYMOUS, -1, 0) = 0x7f7cc5e03000
access("/etc/ld.so.preload", R_OK)      = -1 ENOENT (No such file or directory)
openat(AT_FDCWD, "/etc/ld.so.cache", O_RDONLY|O_CLOEXEC) = 3
newfstatat(3, "", {st_mode=S_IFREG|0644, st_size=81715, ...}, AT_EMPTY_PATH) = 0
mmap(NULL, 81715, PROT_READ, MAP_PRIVATE, 3, 0) = 0x7f7cc5def000
close(3)                                = 0
openat(AT_FDCWD, "/lib/x86_64-linux-gnu/libstdc++.so.6", O_RDONLY|O_CLOEXEC) = 3
read(3, "\177ELF\2\1\1\3\0\0\0\0\0\0\0\0\3\0>\0\1\0\0\0\0\0\0\0\0\0\0\0"..., 832) = 832
newfstatat(3, "", {st_mode=S_IFREG|0644, st_size=2260296, ...}, AT_EMPTY_PATH) = 0
mmap(NULL, 2275520, PROT_READ, MAP_PRIVATE|MAP_DENYWRITE, 3, 0) = 0x7f7cc5a00000
mprotect(0x7f7cc5a9a000, 1576960, PROT_NONE) = 0
mmap(0x7f7cc5a9a000, 1118208, PROT_READ|PROT_EXEC, MAP_PRIVATE|MAP_FIXED|MAP_DENYWRITE, 3, 0x9a000) = 0x7f7cc5a9a000
mmap(0x7f7cc5bab000, 454656, PROT_READ, MAP_PRIVATE|MAP_FIXED|MAP_DENYWRITE, 3, 0x1ab000) = 0x7f7cc5bab000
mmap(0x7f7cc5c1b000, 57344, PROT_READ|PROT_WRITE, MAP_PRIVATE|MAP_FIXED|MAP_DENYWRITE, 3, 0x21a000) = 0x7f7cc5c1b000
mmap(0x7f7cc5c29000, 10432, PROT_READ|PROT_WRITE, MAP_PRIVATE|MAP_FIXED|MAP_ANONYMOUS, -1, 0) = 0x7f7cc5c29000
close(3)                                = 0
openat(AT_FDCWD, "/lib/x86_64-linux-gnu/libgcc_s.so.1", O_RDONLY|O_CLOEXEC) = 3
read(3, "\177ELF\2\1\1\0\0\0\0\0\0\0\0\0\3\0>\0\1\0\0\0\0\0\0\0\0\0\0\0"..., 832) = 832
newfstatat(3, "", {st_mode=S_IFREG|0644, st_size=125488, ...}, AT_EMPTY_PATH) = 0
mmap(NULL, 127720, PROT_READ, MAP_PRIVATE|MAP_DENYWRITE, 3, 0) = 0x7f7cc5dcf000
mmap(0x7f7cc5dd2000, 94208, PROT_READ|PROT_EXEC, MAP_PRIVATE|MAP_FIXED|MAP_DENYWRITE, 3, 0x3000) = 0x7f7cc5dd2000
mmap(0x7f7cc5de9000, 16384, PROT_READ, MAP_PRIVATE|MAP_FIXED|MAP_DENYWRITE, 3, 0x1a000) = 0x7f7cc5de9000
mmap(0x7f7cc5ded000, 8192, PROT_READ|PROT_WRITE, MAP_PRIVATE|MAP_FIXED|MAP_DENYWRITE, 3, 0x1d000) = 0x7f7cc5ded000
close(3)                                = 0
openat(AT_FDCWD, "/lib/x86_64-linux-gnu/libc.so.6", O_RDONLY|O_CLOEXEC) = 3
read(3, "\177ELF\2\1\1\3\0\0\0\0\0\0\0\0\3\0>\0\1\0\0\0P\237\2\0\0\0\0\0"..., 832) = 832
pread64(3, "\6\0\0\0\4\0\0\0@\0\0\0\0\0\0\0@\0\0\0\0\0\0\0@\0\0\0\0\0\0\0"..., 784, 64) = 784
pread64(3, "\4\0\0\0 \0\0\0\5\0\0\0GNU\0\2\0\0\300\4\0\0\0\3\0\0\0\0\0\0\0"..., 48, 848) = 48
pread64(3, "\4\0\0\0\24\0\0\0\3\0\0\0GNU\0 =\340\2563\265?\356\25x\261\27\313A#\350"..., 68, 896) = 68
newfstatat(3, "", {st_mode=S_IFREG|0755, st_size=2216304, ...}, AT_EMPTY_PATH) = 0
pread64(3, "\6\0\0\0\4\0\0\0@\0\0\0\0\0\0\0@\0\0\0\0\0\0\0@\0\0\0\0\0\0\0"..., 784, 64) = 784
mmap(NULL, 2260560, PROT_READ, MAP_PRIVATE|MAP_DENYWRITE, 3, 0) = 0x7f7cc5600000
mmap(0x7f7cc5628000, 1658880, PROT_READ|PROT_EXEC, MAP_PRIVATE|MAP_FIXED|MAP_DENYWRITE, 3, 0x28000) = 0x7f7cc5628000
mmap(0x7f7cc57bd000, 360448, PROT_READ, MAP_PRIVATE|MAP_FIXED|MAP_DENYWRITE, 3, 0x1bd000) = 0x7f7cc57bd000
mmap(0x7f7cc5815000, 24576, PROT_READ|PROT_WRITE, MAP_PRIVATE|MAP_FIXED|MAP_DENYWRITE, 3, 0x214000) = 0x7f7cc5815000
mmap(0x7f7cc581b000, 52816, PROT_READ|PROT_WRITE, MAP_PRIVATE|MAP_FIXED|MAP_ANONYMOUS, -1, 0) = 0x7f7cc581b000
close(3)                                = 0
openat(AT_FDCWD, "/lib/x86_64-linux-gnu/libm.so.6", O_RDONLY|O_CLOEXEC) = 3
read(3, "\177ELF\2\1\1\3\0\0\0\0\0\0\0\0\3\0>\0\1\0\0\0\0\0\0\0\0\0\0\0"..., 832) = 832
newfstatat(3, "", {st_mode=S_IFREG|0644, st_size=940560, ...}, AT_EMPTY_PATH) = 0
mmap(NULL, 942344, PROT_READ, MAP_PRIVATE|MAP_DENYWRITE, 3, 0) = 0x7f7cc5ce8000
mmap(0x7f7cc5cf6000, 507904, PROT_READ|PROT_EXEC, MAP_PRIVATE|MAP_FIXED|MAP_DENYWRITE, 3, 0xe000) = 0x7f7cc5cf6000
mmap(0x7f7cc5d72000, 372736, PROT_READ, MAP_PRIVATE|MAP_FIXED|MAP_DENYWRITE, 3, 0x8a000) = 0x7f7cc5d72000
mmap(0x7f7cc5dcd000, 8192, PROT_READ|PROT_WRITE, MAP_PRIVATE|MAP_FIXED|MAP_DENYWRITE, 3, 0xe4000) = 0x7f7cc5dcd000
close(3)                                = 0
mmap(NULL, 8192, PROT_READ|PROT_WRITE, MAP_PRIVATE|MAP_ANONYMOUS, -1, 0) = 0x7f7cc5ce6000
mmap(NULL, 12288, PROT_READ|PROT_WRITE, MAP_PRIVATE|MAP_ANONYMOUS, -1, 0) = 0x7f7cc5ce3000
arch_prctl(ARCH_SET_FS, 0x7f7cc5ce3740) = 0
set_tid_address(0x7f7cc5ce3a10)         = 52571
set_robust_list(0x7f7cc5ce3a20, 24)     = 0
rseq(0x7f7cc5ce40e0, 0x20, 0, 0x53053053) = 0
mprotect(0x7f7cc5815000, 16384, PROT_READ) = 0
mprotect(0x7f7cc5dcd000, 4096, PROT_READ) = 0
mprotect(0x7f7cc5ded000, 4096, PROT_READ) = 0
mprotect(0x7f7cc5c1b000, 45056, PROT_READ) = 0
mprotect(0x5628ba3ee000, 4096, PROT_READ) = 0
mprotect(0x7f7cc5e3d000, 8192, PROT_READ) = 0
prlimit64(0, RLIMIT_STACK, NULL, {rlim_cur=8192*1024, rlim_max=RLIM64_INFINITY}) = 0
munmap(0x7f7cc5def000, 81715)           = 0
getrandom("\xe1\x0e\x4b\x46\x2a\xe2\x5a\xd6", 8, GRND_NONBLOCK) = 8
brk(NULL)                               = 0x5628ba8b3000
brk(0x5628ba8d4000)                     = 0x5628ba8d4000
futex(0x7f7cc5c2977c, FUTEX_WAKE_PRIVATE, 2147483647) = 0
getpid()                                = 52571
openat(AT_FDCWD, "/dev/shm/myserver_pid", O_RDWR|O_CREAT|O_NOFOLLOW|O_CLOEXEC, 0600) = 3
ftruncate(3, 4)                         = 0
mmap(NULL, 4, PROT_READ|PROT_WRITE, MAP_SHARED, 3, 0) = 0x7f7cc5e3c000
munmap(0x7f7cc5e3c000, 4)               = 0
close(3)                                = 0
newfstatat(1, "", {st_mode=S_IFCHR|0620, st_rdev=makedev(0x88, 0), ...}, AT_EMPTY_PATH) = 0
write(1, "Server pid is 52571\n", 20)   = 20
openat(AT_FDCWD, "/dev/shm/myserver_pid", O_RDWR|O_CREAT|O_NOFOLLOW|O_CLOEXEC, 0600) = 3
ftruncate(3, 4)                         = 0
mmap(NULL, 4, PROT_READ|PROT_WRITE, MAP_SHARED, 3, 0) = 0x7f7cc5e3c000
munmap(0x7f7cc5e3c000, 4)               = 0
close(3)                                = 0
rt_sigaction(SIGINT, {sa_handler=0x5628ba3e3333, sa_mask=[INT], sa_flags=SA_RESTORER|SA_RESTART, sa_restorer=0x7f7cc5642520}, {sa_handler=SIG_DFL, sa_mask=[], sa_flags=0}, 8) = 0
rt_sigaction(SIGUSR1, {sa_handler=0x5628ba3e331b, sa_mask=[USR1], sa_flags=SA_RESTORER|SA_RESTART, sa_restorer=0x7f7cc5642520}, {sa_handler=SIG_DFL, sa_mask=[], sa_flags=0}, 8) = 0
--- SIGUSR1 {si_signo=SIGUSR1, si_code=SI_USER, si_pid=52579, si_uid=1000} ---
rt_sigreturn({mask=[]})                 = -1 EINTR (Interrupted system call)
openat(AT_FDCWD, "/dev/shm/reader", O_RDWR|O_CREAT|O_NOFOLLOW|O_CLOEXEC, 0600) = 3
ftruncate(3, 368)                       = 0
mmap(NULL, 368, PROT_READ|PROT_WRITE, MAP_SHARED, 3, 0) = 0x7f7cc5e3c000
munmap(0x7f7cc5e3c000, 368)             = 0
close(3)                                = 0
write(1, "New_msg: type: 0 from: <Arsenii>"..., 38) = 38
write(1, "To: \7 Data: \n\n", 14)       = 14
openat(AT_FDCWD, "/dev/shm/writer", O_RDWR|O_CREAT|O_NOFOLLOW|O_CLOEXEC, 0600) = 3
ftruncate(3, 368)                       = 0
mmap(NULL, 368, PROT_READ|PROT_WRITE, MAP_SHARED, 3, 0) = 0x7f7cc5e3c000
munmap(0x7f7cc5e3c000, 368)             = 0
close(3)                                = 0
kill(52579, SIGUSR1)                    = 0
write(1, "Sending msg:from sender: Server "..., 50) = 50
write(1, "Data: OK: Successful created!\n", 30) = 30
write(1, "Current number of users: 1\n\n", 28) = 28
rt_sigaction(SIGUSR1, {sa_handler=0x5628ba3e331b, sa_mask=[USR1], sa_flags=SA_RESTORER|SA_RESTART, sa_restorer=0x7f7cc5642520}, {sa_handler=0x5628ba3e331b, sa_mask=[USR1], sa_flags=SA_RESTORER|SA_RESTART, sa_restorer=0x7f7cc5642520}, 8) = 0
--- SIGUSR1 {si_signo=SIGUSR1, si_code=SI_USER, si_pid=52587, si_uid=1000} ---
rt_sigreturn({mask=[]})                 = -1 EINTR (Interrupted system call)
openat(AT_FDCWD, "/dev/shm/reader", O_RDWR|O_CREAT|O_NOFOLLOW|O_CLOEXEC, 0600) = 3
ftruncate(3, 368)                       = 0
mmap(NULL, 368, PROT_READ|PROT_WRITE, MAP_SHARED, 3, 0) = 0x7f7cc5e3c000
munmap(0x7f7cc5e3c000, 368)             = 0
close(3)                                = 0
write(1, "New_msg: type: 0 from: <Gg>52587"..., 33) = 33
write(1, "To: \7 Data: \n\n", 14)       = 14
openat(AT_FDCWD, "/dev/shm/writer", O_RDWR|O_CREAT|O_NOFOLLOW|O_CLOEXEC, 0600) = 3
ftruncate(3, 368)                       = 0
mmap(NULL, 368, PROT_READ|PROT_WRITE, MAP_SHARED, 3, 0) = 0x7f7cc5e3c000
munmap(0x7f7cc5e3c000, 368)             = 0
close(3)                                = 0
kill(52587, SIGUSR1)                    = 0
write(1, "Sending msg:from sender: Server "..., 45) = 45
write(1, "Data: OK: Successful created!\n", 30) = 30
write(1, "Current number of users: 2\n\n", 28) = 28
rt_sigaction(SIGUSR1, {sa_handler=0x5628ba3e331b, sa_mask=[USR1], sa_flags=SA_RESTORER|SA_RESTART, sa_restorer=0x7f7cc5642520}, {sa_handler=0x5628ba3e331b, sa_mask=[USR1], sa_flags=SA_RESTORER|SA_RESTART, sa_restorer=0x7f7cc5642520}, 8) = 0
--- SIGUSR1 {si_signo=SIGUSR1, si_code=SI_USER, si_pid=52579, si_uid=1000} ---
rt_sigreturn({mask=[]})                 = -1 EINTR (Interrupted system call)
openat(AT_FDCWD, "/dev/shm/reader", O_RDWR|O_CREAT|O_NOFOLLOW|O_CLOEXEC, 0600) = 3
ftruncate(3, 368)                       = 0
mmap(NULL, 368, PROT_READ|PROT_WRITE, MAP_SHARED, 3, 0) = 0x7f7cc5e3c000
munmap(0x7f7cc5e3c000, 368)             = 0
close(3)                                = 0
write(1, "New_msg: type: 2 from: <Arsenii>"..., 38) = 38
write(1, "To: Gg Data: Hi!\n\n", 18)    = 18
openat(AT_FDCWD, "/dev/shm/writer", O_RDWR|O_CREAT|O_NOFOLLOW|O_CLOEXEC, 0600) = 3
ftruncate(3, 368)                       = 0
mmap(NULL, 368, PROT_READ|PROT_WRITE, MAP_SHARED, 3, 0) = 0x7f7cc5e3c000
munmap(0x7f7cc5e3c000, 368)             = 0
close(3)                                = 0
kill(52587, SIGUSR1)                    = 0
write(1, "Current number of users: 2\n\n", 28) = 28
rt_sigaction(SIGUSR1, {sa_handler=0x5628ba3e331b, sa_mask=[USR1], sa_flags=SA_RESTORER|SA_RESTART, sa_restorer=0x7f7cc5642520}, {sa_handler=0x5628ba3e331b, sa_mask=[USR1], sa_flags=SA_RESTORER|SA_RESTART, sa_restorer=0x7f7cc5642520}, 8) = 0
--- SIGUSR1 {si_signo=SIGUSR1, si_code=SI_USER, si_pid=52579, si_uid=1000} ---
rt_sigreturn({mask=[]})                 = -1 EINTR (Interrupted system call)
openat(AT_FDCWD, "/dev/shm/reader", O_RDWR|O_CREAT|O_NOFOLLOW|O_CLOEXEC, 0600) = 3
ftruncate(3, 368)                       = 0
mmap(NULL, 368, PROT_READ|PROT_WRITE, MAP_SHARED, 3, 0) = 0x7f7cc5e3c000
munmap(0x7f7cc5e3c000, 368)             = 0
close(3)                                = 0
write(1, "New_msg: type: 1 from: <Arsenii>"..., 38) = 38
write(1, "To: Gg Data: new_chat\n\n", 23) = 23
openat(AT_FDCWD, "/dev/shm/writer", O_RDWR|O_CREAT|O_NOFOLLOW|O_CLOEXEC, 0600) = 3
ftruncate(3, 368)                       = 0
mmap(NULL, 368, PROT_READ|PROT_WRITE, MAP_SHARED, 3, 0) = 0x7f7cc5e3c000
munmap(0x7f7cc5e3c000, 368)             = 0
close(3)                                = 0
kill(52579, SIGUSR1)                    = 0
write(1, "Sending msg:from sender: Arsenii"..., 46) = 46
write(1, "Data: Chat has been created succ"..., 42) = 42
write(1, "Current number of users: 2\n\n", 28) = 28
rt_sigaction(SIGUSR1, {sa_handler=0x5628ba3e331b, sa_mask=[USR1], sa_flags=SA_RESTORER|SA_RESTART, sa_restorer=0x7f7cc5642520}, {sa_handler=0x5628ba3e331b, sa_mask=[USR1], sa_flags=SA_RESTORER|SA_RESTART, sa_restorer=0x7f7cc5642520}, 8) = 0
--- SIGUSR1 {si_signo=SIGUSR1, si_code=SI_USER, si_pid=52579, si_uid=1000} ---
rt_sigreturn({mask=[]})                 = -1 EINTR (Interrupted system call)
openat(AT_FDCWD, "/dev/shm/reader", O_RDWR|O_CREAT|O_NOFOLLOW|O_CLOEXEC, 0600) = 3
ftruncate(3, 368)                       = 0
mmap(NULL, 368, PROT_READ|PROT_WRITE, MAP_SHARED, 3, 0) = 0x7f7cc5e3c000
munmap(0x7f7cc5e3c000, 368)             = 0
close(3)                                = 0
write(1, "New_msg: type: 4 from: <Arsenii>"..., 38) = 38
write(1, "To: Gg Data: new_chat\n\n", 23) = 23
write(1, "Current number of users: 2\n\n", 28) = 28
rt_sigaction(SIGUSR1, {sa_handler=0x5628ba3e331b, sa_mask=[USR1], sa_flags=SA_RESTORER|SA_RESTART, sa_restorer=0x7f7cc5642520}, {sa_handler=0x5628ba3e331b, sa_mask=[USR1], sa_flags=SA_RESTORER|SA_RESTART, sa_restorer=0x7f7cc5642520}, 8) = 0
--- SIGUSR1 {si_signo=SIGUSR1, si_code=SI_USER, si_pid=52587, si_uid=1000} ---
rt_sigreturn({mask=[]})                 = 0
openat(AT_FDCWD, "/dev/shm/reader", O_RDWR|O_CREAT|O_NOFOLLOW|O_CLOEXEC, 0600) = 3
ftruncate(3, 368)                       = 0
mmap(NULL, 368, PROT_READ|PROT_WRITE, MAP_SHARED, 3, 0) = 0x7f7cc5e3c000
munmap(0x7f7cc5e3c000, 368)             = 0
close(3)                                = 0
write(1, "New_msg: type: 4 from: <Gg>52587"..., 33) = 33
write(1, "To: \r Data: \n\n", 14)       = 14
write(1, "Close server. There are no activ"..., 40) = 40
unlink("/dev/shm/myserver_pid")         = 0
unlink("/dev/shm/reader")               = 0
unlink("/dev/shm/writer")               = 0
exit_group(0)                           = ?
+++ exited with 0 +++
